Processed 440 pages for database 'master', file 'master' on file 1.
Processed 2 pages for database 'master', file 'mastlog' on file 1.
BACKUP DATABASE successfully processed 442 pages in 0.439 seconds (7.864 MB/sec).
Processed 296 pages for database 'model', file 'modeldev' on file 1.
Processed 2 pages for database 'model', file 'modellog' on file 1.
BACKUP DATABASE successfully processed 298 pages in 0.287 seconds (8.086 MB/sec).
Processed 54496 pages for database 'msdb', file 'MSDBData' on file 1.
Processed 8 pages for database 'msdb', file 'MSDBLog' on file 1.
BACKUP DATABASE successfully processed 54504 pages in 5.398 seconds (78.882 MB/sec).
Processed 58536 pages for database 'ReportServer', file 'ReportServer' on file 1.
Processed 2 pages for database 'ReportServer', file 'ReportServer_log' on file 1.
BACKUP DATABASE successfully processed 58538 pages in 5.180 seconds (88.285 MB/sec).
Processed 376 pages for database 'ReportServerTempDB', file 'ReportServerTempDB' on file 1.
Processed 2 pages for database 'ReportServerTempDB', file 'ReportServerTempDB_log' on file 1.
BACKUP DATABASE successfully processed 378 pages in 0.342 seconds (8.613 MB/sec).
Processed 32384 pages for database 'DYNAMICS', file 'GPSDYNAMICSDat.mdf' on file 1.
Processed 2 pages for database 'DYNAMICS', file 'GPSDYNAMICSLog.ldf' on file 1.
BACKUP DATABASE successfully processed 32386 pages in 2.971 seconds (85.159 MB/sec).
Processed 55424 pages for database 'LACM', file 'GPSLACMDat.mdf' on file 1.
Processed 2 pages for database 'LACM', file 'GPSLACMLog.ldf' on file 1.
BACKUP DATABASE successfully processed 55426 pages in 2.779 seconds (155.815 MB/sec).
Processed 304 pages for database 'INTDEV', file 'INTDEV' on file 1.
Processed 2 pages for database 'INTDEV', file 'INTDEV_log' on file 1.
BACKUP DATABASE successfully processed 306 pages in 0.066 seconds (36.110 MB/sec).
Processed 245000 pages for database 'META', file 'GPSMETADat.mdf' on file 1.
Processed 2 pages for database 'META', file 'GPSMETALog.ldf' on file 1.
BACKUP DATABASE successfully processed 245002 pages in 13.418 seconds (142.649 MB/sec).
Processed 110880 pages for database 'ManagementReporter', file 'ManagementReporter' on file 1.
Processed 8 pages for database 'ManagementReporter', file 'FILES_26F66CF2' on file 1.
Processed 3 pages for database 'ManagementReporter', file 'ManagementReporter_log' on file 1.
BACKUP DATABASE successfully processed 110891 pages in 6.589 seconds (131.481 MB/sec).
Processed 7496 pages for database 'SmartConnect', file 'SmartConnect' on file 1.
Processed 2 pages for database 'SmartConnect', file 'SmartConnect_log' on file 1.
BACKUP DATABASE successfully processed 7498 pages in 0.640 seconds (91.516 MB/sec).
Processed 55200 pages for database 'TESTL', file 'GPSLACMDat.mdf' on file 1.
Processed 2 pages for database 'TESTL', file 'GPSLACMLog.ldf' on file 1.
BACKUP DATABASE successfully processed 55202 pages in 3.944 seconds (109.345 MB/sec).
Processed 233720 pages for database 'TESTM', file 'GPSMETADat.mdf' on file 1.
Processed 2 pages for database 'TESTM', file 'GPSMETALog.ldf' on file 1.
BACKUP DATABASE successfully processed 233722 pages in 18.189 seconds (100.387 MB/sec).
Processed 1136 pages for database 'ManagementReporterDM', file 'ManagementReporterDM' on file 1.
Processed 2 pages for database 'ManagementReporterDM', file 'ManagementReporterDM_log' on file 1.
BACKUP DATABASE successfully processed 1138 pages in 0.135 seconds (65.802 MB/sec).
Processed 568 pages for database 'GPWebServices', file 'GPWebServices' on file 1.
Processed 2 pages for database 'GPWebServices', file 'GPWebServices_log' on file 1.
BACKUP DATABASE successfully processed 570 pages in 0.102 seconds (43.586 MB/sec).
Processed 680 pages for database 'MRDM', file 'MRDM' on file 1.
Processed 2 pages for database 'MRDM', file 'MRDM_log' on file 1.
BACKUP DATABASE successfully processed 682 pages in 0.139 seconds (38.279 MB/sec).
Processed 36528 pages for database 'DataMart', file 'DataMart' on file 1.
Processed 2 pages for database 'DataMart', file 'DataMart_log' on file 1.
BACKUP DATABASE successfully processed 36530 pages in 2.042 seconds (139.757 MB/sec).
end of file ... 
